<?xml version="1.0" encoding="UTF-8"?>
<testsuite xmlns:xsi="http://www.w3.org/2001/XMLSchema-instance" xsi:noNamespaceSchemaLocation="https://maven.apache.org/surefire/maven-surefire-plugin/xsd/surefire-test-report-3.0.xsd" version="3.0" name="com.swp1.backend.repository.DepartamentoRepositoryTest" time="40.453" tests="1" errors="1" skipped="0" failures="0">
  <properties>
[...]
</properties>
  <testcase name="testPersistirYRecuperarDepartamento" classname="com.swp1.backend.repository.DepartamentoRepositoryTest" time="30.246">
    <error message="Timed out after 30000 ms while waiting for a server that matches WritableServerSelector. Client view of cluster state is {type=UNKNOWN, servers=[{address=localhost:27017, type=UNKNOWN, state=CONNECTING, exception={com.mongodb.MongoSocketOpenException: Exception opening socket}, caused by {java.net.ConnectException: Connection refused: no further information}}]" type="org.springframework.dao.DataAccessResourceFailureException"><![CDATA[org.springframework.dao.DataAccessResourceFailureException: Timed out after 30000 ms while waiting for a server that matches WritableServerSelector. Client view of cluster state is {type=UNKNOWN, servers=[{address=localhost:27017, type=UNKNOWN, state=CONNECTING, exception={com.mongodb.MongoSocketOpenException: Exception opening socket}, caused by {java.net.ConnectException: Connection refused: no further information}}]
	at org.springframework.data.mongodb.core.MongoExceptionTranslator.translateExceptionIfPossible(MongoExceptionTranslator.java:88)
	at org.springframework.data.mongodb.core.MongoTemplate.potentiallyConvertRuntimeException(MongoTemplate.java:2997)
	at org.springframework.data.mongodb.core.MongoTemplate.execute(MongoTemplate.java:603)
	at org.springframework.data.mongodb.core.MongoTemplate.insertDocument(MongoTemplate.java:1534)
	at org.springframework.data.mongodb.core.MongoTemplate.doInsert(MongoTemplate.java:1335)
	at org.springframework.data.mongodb.core.MongoTemplate.insert(MongoTemplate.java:1261)
	at org.springframework.data.mongodb.repository.support.SimpleMongoRepository.save(SimpleMongoRepository.java:95)
	at java.base/jdk.internal.reflect.NativeMethodAccessorImpl.invoke0(Native Method)
	at java.base/jdk.internal.reflect.NativeMethodAccessorImpl.invoke(NativeMethodAccessorImpl.java:77)
	at java.base/jdk.internal.reflect.DelegatingMethodAccessorImpl.invoke(DelegatingMethodAccessorImpl.java:43)
	at java.base/java.lang.reflect.Method.invoke(Method.java:568)
	at org.springframework.aop.support.AopUtils.invokeJoinpointUsingReflection(AopUtils.java:351)
	at org.springframework.data.repository.core.support.RepositoryMethodInvoker$RepositoryFragmentMethodInvoker.lambda$new$0(RepositoryMethodInvoker.java:277)
	at org.springframework.data.repository.core.support.RepositoryMethodInvoker.doInvoke(RepositoryMethodInvoker.java:170)
	at org.springframework.data.repository.core.support.RepositoryMethodInvoker.invoke(RepositoryMethodInvoker.java:158)
	at org.springframework.data.repository.core.support.RepositoryComposition$RepositoryFragments.invoke(RepositoryComposition.java:516)
	at org.springframework.data.repository.core.support.RepositoryComposition.invoke(RepositoryComposition.java:285)
	at org.springframework.data.repository.core.support.RepositoryFactorySupport$ImplementationMethodExecutionInterceptor.invoke(RepositoryFactorySupport.java:628)
	at org.springframework.aop.framework.ReflectiveMethodInvocation.proceed(ReflectiveMethodInvocation.java:184)
	at org.springframework.data.repository.core.support.QueryExecutorMethodInterceptor.doInvoke(QueryExecutorMethodInterceptor.java:168)
	at org.springframework.data.repository.core.support.QueryExecutorMethodInterceptor.invoke(QueryExecutorMethodInterceptor.java:143)
	at org.springframework.aop.framework.ReflectiveMethodInvocation.proceed(ReflectiveMethodInvocation.java:184)
	at org.springframework.data.projection.DefaultMethodInvokingMethodInterceptor.invoke(DefaultMethodInvokingMethodInterceptor.java:70)
	at org.springframework.aop.framework.ReflectiveMethodInvocation.proceed(ReflectiveMethodInvocation.java:184)
	at org.springframework.data.mongodb.repository.support.CrudMethodMetadataPostProcessor$CrudMethodMetadataPopulatingMethodInterceptor.invoke(CrudMethodMetadataPostProcessor.java:158)
	at org.springframework.aop.framework.ReflectiveMethodInvocation.proceed(ReflectiveMethodInvocation.java:184)
	at org.springframework.aop.interceptor.ExposeInvocationInterceptor.invoke(ExposeInvocationInterceptor.java:97)
	at org.springframework.aop.framework.ReflectiveMethodInvocation.proceed(ReflectiveMethodInvocation.java:184)
	at org.springframework.aop.framework.JdkDynamicAopProxy.invoke(JdkDynamicAopProxy.java:220)
	at jdk.proxy2/jdk.proxy2.$Proxy166.save(Unknown Source)
	at java.base/jdk.internal.reflect.NativeMethodAccessorImpl.invoke0(Native Method)
	at java.base/jdk.internal.reflect.NativeMethodAccessorImpl.invoke(NativeMethodAccessorImpl.java:77)
	at java.base/jdk.internal.reflect.DelegatingMethodAccessorImpl.invoke(DelegatingMethodAccessorImpl.java:43)
	at java.base/java.lang.reflect.Method.invoke(Method.java:568)
	at org.springframework.aop.support.AopUtils.invokeJoinpointUsingReflection(AopUtils.java:351)
	at org.springframework.aop.framework.ReflectiveMethodInvocation.invokeJoinpoint(ReflectiveMethodInvocation.java:196)
	at org.springframework.aop.framework.ReflectiveMethodInvocation.proceed(ReflectiveMethodInvocation.java:163)
	at org.springframework.dao.support.PersistenceExceptionTranslationInterceptor.invoke(PersistenceExceptionTranslationInterceptor.java:137)
	at org.springframework.aop.framework.ReflectiveMethodInvocation.proceed(ReflectiveMethodInvocation.java:184)
	at org.springframework.aop.framework.JdkDynamicAopProxy.invoke(JdkDynamicAopProxy.java:220)
	at jdk.proxy2/jdk.proxy2.$Proxy166.save(Unknown Source)
	at com.swp1.backend.repository.DepartamentoRepositoryTest.testPersistirYRecuperarDepartamento(DepartamentoRepositoryTest.java:22)
	at java.base/java.lang.reflect.Method.invoke(Method.java:568)
	at java.base/java.util.ArrayList.forEach(ArrayList.java:1511)
	at java.base/java.util.ArrayList.forEach(ArrayList.java:1511)
Caused by: com.mongodb.MongoTimeoutException: Timed out after 30000 ms while waiting for a server that matches WritableServerSelector. Client view of cluster state is {type=UNKNOWN, servers=[{address=localhost:27017, type=UNKNOWN, state=CONNECTING, exception={com.mongodb.MongoSocketOpenException: Exception opening socket}, caused by {java.net.ConnectException: Connection refused: no further information}}]
	at com.mongodb.internal.connection.BaseCluster.createTimeoutException(BaseCluster.java:380)
	at com.mongodb.internal.connection.BaseCluster.selectServer(BaseCluster.java:125)
	at com.mongodb.internal.connection.SingleServerCluster.selectServer(SingleServerCluster.java:46)
	at com.mongodb.internal.binding.ClusterBinding.getWriteConnectionSource(ClusterBinding.java:134)
	at com.mongodb.client.internal.ClientSessionBinding.getConnectionSource(ClientSessionBinding.java:128)
	at com.mongodb.client.internal.ClientSessionBinding.getWriteConnectionSource(ClientSessionBinding.java:102)
	at com.mongodb.internal.operation.SyncOperationHelper.withSuppliedResource(SyncOperationHelper.java:144)
	at com.mongodb.internal.operation.SyncOperationHelper.withSourceAndConnection(SyncOperationHelper.java:125)
	at com.mongodb.internal.operation.MixedBulkWriteOperation.lambda$execute$3(MixedBulkWriteOperation.java:188)
	at com.mongodb.internal.operation.MixedBulkWriteOperation.lambda$decorateWriteWithRetries$0(MixedBulkWriteOperation.java:146)
	at com.mongodb.internal.async.function.RetryingSyncSupplier.get(RetryingSyncSupplier.java:67)
	at com.mongodb.internal.operation.MixedBulkWriteOperation.execute(MixedBulkWriteOperation.java:207)
	at com.mongodb.internal.operation.MixedBulkWriteOperation.execute(MixedBulkWriteOperation.java:77)
	at com.mongodb.client.internal.MongoClientDelegate$DelegateOperationExecutor.execute(MongoClientDelegate.java:173)
	at com.mongodb.client.internal.MongoCollectionImpl.executeSingleWriteRequest(MongoCollectionImpl.java:1085)
	at com.mongodb.client.internal.MongoCollectionImpl.executeInsertOne(MongoCollectionImpl.java:478)
	at com.mongodb.client.internal.MongoCollectionImpl.insertOne(MongoCollectionImpl.java:461)
	at com.mongodb.client.internal.MongoCollectionImpl.insertOne(MongoCollectionImpl.java:455)
	at org.springframework.data.mongodb.core.MongoTemplate.lambda$insertDocument$17(MongoTemplate.java:1540)
	at org.springframework.data.mongodb.core.MongoTemplate.execute(MongoTemplate.java:601)
	... 42 more
]]></error>
    <system-out><![CDATA[2026-04-21T23:30:51.624-04:00  INFO 6732 --- [backend] [           main] t.c.s.AnnotationConfigContextLoaderUtils : Could not detect default configuration classes for test class [com.swp1.backend.repository.DepartamentoRepositoryTest]: DepartamentoRepositoryTest does not declare any static, non-private, non-final, nested classes annotated with @Configuration.
2026-04-21T23:30:51.647-04:00  INFO 6732 --- [backend] [           main] .b.t.c.SpringBootTestContextBootstrapper : Found @SpringBootConfiguration com.swp1.backend.BackendApplication for test class com.swp1.backend.repository.DepartamentoRepositoryTest

  .   ____          _            __ _ _
 /\\ / ___'_ __ _ _(_)_ __  __ _ \ \ \ \
( ( )\___ | '_ | '_| | '_ \/ _` | \ \ \ \
 \\/  ___)| |_)| | | | | || (_| |  ) ) ) )
  '  |____| .__|_| |_|_| |_\__, | / / / /
 =========|_|==============|___/=/_/_/_/
 :: Spring Boot ::                (v3.2.4)

2026-04-21T23:30:51.772-04:00  INFO 6732 --- [backend] [           main] c.s.b.r.DepartamentoRepositoryTest       : Starting DepartamentoRepositoryTest using Java 17.0.12 with PID 6732 (started by Ishmael in C:\Users\Ishmael\Documents\GitHub\swp1\backend)
2026-04-21T23:30:51.773-04:00  INFO 6732 --- [backend] [           main] c.s.b.r.DepartamentoRepositoryTest       : No active profile set, falling back to 1 default profile: "default"
2026-04-21T23:30:52.673-04:00  INFO 6732 --- [backend] [           main] .s.d.r.c.RepositoryConfigurationDelegate : Bootstrapping Spring Data MongoDB repositories in DEFAULT mode.
2026-04-21T23:30:52.794-04:00  INFO 6732 --- [backend] [           main] .s.d.r.c.RepositoryConfigurationDelegate : Finished Spring Data repository scanning in 100 ms. Found 2 MongoDB repository interfaces.
2026-04-21T23:30:53.388-04:00  INFO 6732 --- [backend] [           main] o.f.s.b.ProcessEngineAutoConfiguration   : No deployment resources were found for autodeployment
2026-04-21T23:30:53.788-04:00  INFO 6732 --- [backend] [           main] o.f.s.b.c.CmmnEngineAutoConfiguration    : No deployment resources were found for autodeployment
2026-04-21T23:30:53.902-04:00  INFO 6732 --- [backend] [           main] o.f.s.b.dmn.DmnEngineAutoConfiguration   : No deployment resources were found for autodeployment
2026-04-21T23:30:53.968-04:00  INFO 6732 --- [backend] [           main] o.f.s.b.e.EventRegistryAutoConfiguration : No deployment resources were found for autodeployment
2026-04-21T23:30:54.042-04:00  INFO 6732 --- [backend] [           main] o.f.s.b.app.AppEngineAutoConfiguration   : No deployment resources were found for autodeployment
2026-04-21T23:30:54.066-04:00  INFO 6732 --- [backend] [           main] o.f.a.s.SpringAppEngineConfiguration     : Found 5 Engine Configurators in total:
2026-04-21T23:30:54.070-04:00  INFO 6732 --- [backend] [           main] o.f.a.s.SpringAppEngineConfiguration     : class org.flowable.engine.spring.configurator.SpringProcessEngineConfigurator (priority:50000)
2026-04-21T23:30:54.070-04:00  INFO 6732 --- [backend] [           main] o.f.a.s.SpringAppEngineConfiguration     : class org.flowable.eventregistry.spring.configurator.SpringEventRegistryConfigurator (priority:100000)
2026-04-21T23:30:54.070-04:00  INFO 6732 --- [backend] [           main] o.f.a.s.SpringAppEngineConfiguration     : class org.flowable.idm.spring.configurator.SpringIdmEngineConfigurator (priority:150000)
2026-04-21T23:30:54.070-04:00  INFO 6732 --- [backend] [           main] o.f.a.s.SpringAppEngineConfiguration     : class org.flowable.dmn.spring.configurator.SpringDmnEngineConfigurator (priority:200000)
2026-04-21T23:30:54.070-04:00  INFO 6732 --- [backend] [           main] o.f.a.s.SpringAppEngineConfiguration     : class org.flowable.cmmn.spring.configurator.SpringCmmnEngineConfigurator (priority:500000)
2026-04-21T23:30:54.070-04:00  INFO 6732 --- [backend] [           main] o.f.a.s.SpringAppEngineConfiguration     : Executing beforeInit() of class org.flowable.engine.spring.configurator.SpringProcessEngineConfigurator (priority:50000)
2026-04-21T23:30:54.124-04:00  INFO 6732 --- [backend] [           main] o.f.a.s.SpringAppEngineConfiguration     : Executing beforeInit() of class org.flowable.eventregistry.spring.configurator.SpringEventRegistryConfigurator (priority:100000)
2026-04-21T23:30:54.133-04:00  INFO 6732 --- [backend] [           main] o.f.a.s.SpringAppEngineConfiguration     : Executing beforeInit() of class org.flowable.idm.spring.configurator.SpringIdmEngineConfigurator (priority:150000)
2026-04-21T23:30:54.137-04:00  INFO 6732 --- [backend] [           main] o.f.a.s.SpringAppEngineConfiguration     : Executing beforeInit() of class org.flowable.dmn.spring.configurator.SpringDmnEngineConfigurator (priority:200000)
2026-04-21T23:30:54.144-04:00  INFO 6732 --- [backend] [           main] o.f.a.s.SpringAppEngineConfiguration     : Executing beforeInit() of class org.flowable.cmmn.spring.configurator.SpringCmmnEngineConfigurator (priority:500000)
2026-04-21T23:30:54.211-04:00  INFO 6732 --- [backend] [           main] com.zaxxer.hikari.HikariDataSource       : HikariPool-1 - Starting...
2026-04-21T23:30:54.837-04:00  INFO 6732 --- [backend] [           main] com.zaxxer.hikari.pool.HikariPool        : HikariPool-1 - Added connection conn0: url=jdbc:h2:file:./flowable-db user=SA
2026-04-21T23:30:54.843-04:00  INFO 6732 --- [backend] [           main] com.zaxxer.hikari.HikariDataSource       : HikariPool-1 - Start completed.
2026-04-21T23:30:56.823-04:00  INFO 6732 --- [backend] [           main] o.f.a.s.SpringAppEngineConfiguration     : Executing configure() of class org.flowable.engine.spring.configurator.SpringProcessEngineConfigurator (priority:50000)
2026-04-21T23:30:57.260-04:00  INFO 6732 --- [backend] [           main] o.f.engine.impl.ProcessEngineImpl        : ProcessEngine default created
2026-04-21T23:30:57.324-04:00  INFO 6732 --- [backend] [           main] o.f.e.impl.cmd.ValidateV5EntitiesCmd     : Total of v5 deployments found: 0
2026-04-21T23:30:57.330-04:00  INFO 6732 --- [backend] [           main] o.f.a.s.SpringAppEngineConfiguration     : Executing configure() of class org.flowable.eventregistry.spring.configurator.SpringEventRegistryConfigurator (priority:100000)
2026-04-21T23:30:57.593-04:00  INFO 6732 --- [backend] [           main] liquibase.database                       : Set default schema name to PUBLIC
2026-04-21T23:30:58.611-04:00  INFO 6732 --- [backend] [           main] liquibase.changelog                      : Reading from PUBLIC.FLW_EV_DATABASECHANGELOG
Database is up to date, no changesets to execute
2026-04-21T23:30:58.706-04:00  INFO 6732 --- [backend] [           main] liquibase.changelog                      : Reading from PUBLIC.FLW_EV_DATABASECHANGELOG

UPDATE SUMMARY
Run:                          0
Previously run:               3
Filtered out:                 0
-------------------------------
Total change sets:            3

2026-04-21T23:30:58.718-04:00  INFO 6732 --- [backend] [           main] liquibase.util                           : UPDATE SUMMARY
2026-04-21T23:30:58.722-04:00  INFO 6732 --- [backend] [           main] liquibase.util                           : Run:                          0
2026-04-21T23:30:58.722-04:00  INFO 6732 --- [backend] [           main] liquibase.util                           : Previously run:               3
2026-04-21T23:30:58.722-04:00  INFO 6732 --- [backend] [           main] liquibase.util                           : Filtered out:                 0
2026-04-21T23:30:58.722-04:00  INFO 6732 --- [backend] [           main] liquibase.util                           : -------------------------------
2026-04-21T23:30:58.722-04:00  INFO 6732 --- [backend] [           main] liquibase.util                           : Total change sets:            3
2026-04-21T23:30:58.722-04:00  INFO 6732 --- [backend] [           main] liquibase.util                           : Update summary generated
2026-04-21T23:30:58.763-04:00  INFO 6732 --- [backend] [           main] liquibase.lockservice                    : Successfully released change log lock
2026-04-21T23:30:58.769-04:00  INFO 6732 --- [backend] [           main] liquibase.command                        : Command execution complete
2026-04-21T23:30:58.770-04:00  INFO 6732 --- [backend] [           main] o.f.e.impl.EventRegistryEngineImpl       : EventRegistryEngine default created
2026-04-21T23:30:58.772-04:00  INFO 6732 --- [backend] [           main] o.f.a.s.SpringAppEngineConfiguration     : Executing configure() of class org.flowable.idm.spring.configurator.SpringIdmEngineConfigurator (priority:150000)
2026-04-21T23:30:58.799-04:00  INFO 6732 --- [backend] [           main] o.f.idm.engine.impl.IdmEngineImpl        : IdmEngine default created
2026-04-21T23:30:58.801-04:00  INFO 6732 --- [backend] [           main] o.f.a.s.SpringAppEngineConfiguration     : Executing configure() of class org.flowable.dmn.spring.configurator.SpringDmnEngineConfigurator (priority:200000)
2026-04-21T23:30:58.828-04:00  INFO 6732 --- [backend] [           main] liquibase.database                       : Set default schema name to PUBLIC
2026-04-21T23:30:59.053-04:00  INFO 6732 --- [backend] [           main] liquibase.changelog                      : Reading from PUBLIC.ACT_DMN_DATABASECHANGELOG
Database is up to date, no changesets to execute
2026-04-21T23:30:59.104-04:00  INFO 6732 --- [backend] [           main] liquibase.changelog                      : Reading from PUBLIC.ACT_DMN_DATABASECHANGELOG

UPDATE SUMMARY
Run:                          0
Previously run:               8
Filtered out:                 1
-------------------------------
Total change sets:            9


FILTERED CHANGE SETS SUMMARY
DBMS mismatch:                1

2026-04-21T23:30:59.113-04:00  INFO 6732 --- [backend] [           main] liquibase.util                           : UPDATE SUMMARY
2026-04-21T23:30:59.113-04:00  INFO 6732 --- [backend] [           main] liquibase.util                           : Run:                          0
2026-04-21T23:30:59.113-04:00  INFO 6732 --- [backend] [           main] liquibase.util                           : Previously run:               8
2026-04-21T23:30:59.113-04:00  INFO 6732 --- [backend] [           main] liquibase.util                           : Filtered out:                 1
2026-04-21T23:30:59.113-04:00  INFO 6732 --- [backend] [           main] liquibase.util                           : -------------------------------
2026-04-21T23:30:59.113-04:00  INFO 6732 --- [backend] [           main] liquibase.util                           : Total change sets:            9
2026-04-21T23:30:59.113-04:00  INFO 6732 --- [backend] [           main] liquibase.util                           : FILTERED CHANGE SETS SUMMARY
2026-04-21T23:30:59.114-04:00  INFO 6732 --- [backend] [           main] liquibase.util                           : DBMS mismatch:                1
2026-04-21T23:30:59.115-04:00  INFO 6732 --- [backend] [           main] liquibase.util                           : Update summary generated
2026-04-21T23:30:59.119-04:00  INFO 6732 --- [backend] [           main] liquibase.lockservice                    : Successfully released change log lock
2026-04-21T23:30:59.120-04:00  INFO 6732 --- [backend] [           main] liquibase.command                        : Command execution complete
2026-04-21T23:30:59.121-04:00  INFO 6732 --- [backend] [           main] o.f.dmn.engine.impl.DmnEngineImpl        : DmnEngine default created
2026-04-21T23:30:59.122-04:00  INFO 6732 --- [backend] [           main] o.f.a.s.SpringAppEngineConfiguration     : Executing configure() of class org.flowable.cmmn.spring.configurator.SpringCmmnEngineConfigurator (priority:500000)
2026-04-21T23:30:59.312-04:00  INFO 6732 --- [backend] [           main] liquibase.database                       : Set default schema name to PUBLIC
2026-04-21T23:30:59.663-04:00  INFO 6732 --- [backend] [           main] liquibase.changelog                      : Reading from PUBLIC.ACT_CMMN_DATABASECHANGELOG
Database is up to date, no changesets to execute
2026-04-21T23:30:59.755-04:00  INFO 6732 --- [backend] [           main] liquibase.changelog                      : Reading from PUBLIC.ACT_CMMN_DATABASECHANGELOG

UPDATE SUMMARY
Run:                          0
Previously run:              16
Filtered out:                 2
-------------------------------
Total change sets:           18


FILTERED CHANGE SETS SUMMARY
DBMS mismatch:                2

2026-04-21T23:30:59.764-04:00  INFO 6732 --- [backend] [           main] liquibase.util                           : UPDATE SUMMARY
2026-04-21T23:30:59.764-04:00  INFO 6732 --- [backend] [           main] liquibase.util                           : Run:                          0
2026-04-21T23:30:59.764-04:00  INFO 6732 --- [backend] [           main] liquibase.util                           : Previously run:              16
2026-04-21T23:30:59.764-04:00  INFO 6732 --- [backend] [           main] liquibase.util                           : Filtered out:                 2
2026-04-21T23:30:59.764-04:00  INFO 6732 --- [backend] [           main] liquibase.util                           : -------------------------------
2026-04-21T23:30:59.764-04:00  INFO 6732 --- [backend] [           main] liquibase.util                           : Total change sets:           18
2026-04-21T23:30:59.764-04:00  INFO 6732 --- [backend] [           main] liquibase.util                           : FILTERED CHANGE SETS SUMMARY
2026-04-21T23:30:59.768-04:00  INFO 6732 --- [backend] [           main] liquibase.util                           : DBMS mismatch:                2
2026-04-21T23:30:59.768-04:00  INFO 6732 --- [backend] [           main] liquibase.util                           : Update summary generated
2026-04-21T23:30:59.770-04:00  INFO 6732 --- [backend] [           main] liquibase.lockservice                    : Successfully released change log lock
2026-04-21T23:30:59.770-04:00  INFO 6732 --- [backend] [           main] liquibase.command                        : Command execution complete
2026-04-21T23:30:59.770-04:00  INFO 6732 --- [backend] [           main] o.f.cmmn.engine.impl.CmmnEngineImpl      : CmmnEngine default created
2026-04-21T23:30:59.780-04:00  INFO 6732 --- [backend] [           main] liquibase.database                       : Set default schema name to PUBLIC
2026-04-21T23:30:59.840-04:00  INFO 6732 --- [backend] [           main] liquibase.changelog                      : Reading from PUBLIC.ACT_APP_DATABASECHANGELOG
Database is up to date, no changesets to execute
2026-04-21T23:30:59.856-04:00  INFO 6732 --- [backend] [           main] liquibase.changelog                      : Reading from PUBLIC.ACT_APP_DATABASECHANGELOG

UPDATE SUMMARY
Run:                          0
Previously run:               2
Filtered out:                 1
-------------------------------
Total change sets:            3


FILTERED CHANGE SETS SUMMARY
DBMS mismatch:                1

2026-04-21T23:30:59.860-04:00  INFO 6732 --- [backend] [           main] liquibase.util                           : UPDATE SUMMARY
2026-04-21T23:30:59.860-04:00  INFO 6732 --- [backend] [           main] liquibase.util                           : Run:                          0
2026-04-21T23:30:59.860-04:00  INFO 6732 --- [backend] [           main] liquibase.util                           : Previously run:               2
2026-04-21T23:30:59.860-04:00  INFO 6732 --- [backend] [           main] liquibase.util                           : Filtered out:                 1
2026-04-21T23:30:59.860-04:00  INFO 6732 --- [backend] [           main] liquibase.util                           : -------------------------------
2026-04-21T23:30:59.860-04:00  INFO 6732 --- [backend] [           main] liquibase.util                           : Total change sets:            3
2026-04-21T23:30:59.860-04:00  INFO 6732 --- [backend] [           main] liquibase.util                           : FILTERED CHANGE SETS SUMMARY
2026-04-21T23:30:59.860-04:00  INFO 6732 --- [backend] [           main] liquibase.util                           : DBMS mismatch:                1
2026-04-21T23:30:59.861-04:00  INFO 6732 --- [backend] [           main] liquibase.util                           : Update summary generated
2026-04-21T23:30:59.864-04:00  INFO 6732 --- [backend] [           main] liquibase.lockservice                    : Successfully released change log lock
2026-04-21T23:30:59.864-04:00  INFO 6732 --- [backend] [           main] liquibase.command                        : Command execution complete
2026-04-21T23:30:59.864-04:00  INFO 6732 --- [backend] [           main] o.f.app.engine.impl.AppEngineImpl        : AppEngine default created
2026-04-21T23:31:00.242-04:00  INFO 6732 --- [backend] [localhost:27017] org.mongodb.driver.cluster               : Exception in monitor thread while connecting to server localhost:27017

com.mongodb.MongoSocketOpenException: Exception opening socket
	at com.mongodb.internal.connection.SocketStream.lambda$open$0(SocketStream.java:84) ~[mongodb-driver-core-4.11.1.jar:na]
	at java.base/java.util.Optional.orElseThrow(Optional.java:403) ~[na:na]
	at com.mongodb.internal.connection.SocketStream.open(SocketStream.java:84) ~[mongodb-driver-core-4.11.1.jar:na]
	at com.mongodb.internal.connection.InternalStreamConnection.open(InternalStreamConnection.java:211) ~[mongodb-driver-core-4.11.1.jar:na]
	at com.mongodb.internal.connection.DefaultServerMonitor$ServerMonitorRunnable.lookupServerDescription(DefaultServerMonitor.java:196) ~[mongodb-driver-core-4.11.1.jar:na]
	at com.mongodb.internal.connection.DefaultServerMonitor$ServerMonitorRunnable.run(DefaultServerMonitor.java:156) ~[mongodb-driver-core-4.11.1.jar:na]
	at java.base/java.lang.Thread.run(Thread.java:842) ~[na:na]
Caused by: java.net.ConnectException: Connection refused: no further information
	at java.base/sun.nio.ch.Net.pollConnect(Native Method) ~[na:na]
	at java.base/sun.nio.ch.Net.pollConnectNow(Net.java:672) ~[na:na]
	at java.base/sun.nio.ch.NioSocketImpl.timedFinishConnect(NioSocketImpl.java:547) ~[na:na]
	at java.base/sun.nio.ch.NioSocketImpl.connect(NioSocketImpl.java:602) ~[na:na]
	at java.base/java.net.SocksSocketImpl.connect(SocksSocketImpl.java:327) ~[na:na]
	at java.base/java.net.Socket.connect(Socket.java:633) ~[na:na]
	at com.mongodb.internal.connection.SocketStreamHelper.initialize(SocketStreamHelper.java:76) ~[mongodb-driver-core-4.11.1.jar:na]
	at com.mongodb.internal.connection.SocketStream.initializeSocket(SocketStream.java:104) ~[mongodb-driver-core-4.11.1.jar:na]
	at com.mongodb.internal.connection.SocketStream.open(SocketStream.java:78) ~[mongodb-driver-core-4.11.1.jar:na]
	... 4 common frames omitted

2026-04-21T23:31:00.252-04:00  INFO 6732 --- [backend] [           main] org.mongodb.driver.client                : MongoClient with metadata {"driver": {"name": "mongo-java-driver|sync|spring-boot", "version": "4.11.1"}, "os": {"type": "Windows", "name": "Windows 10", "architecture": "amd64", "version": "10.0"}, "platform": "Java/Oracle Corporation/17.0.12+8-LTS-286"} created with settings MongoClientSettings{readPreference=primary, writeConcern=WriteConcern{w=null, wTimeout=null ms, journal=null}, retryWrites=true, retryReads=true, readConcern=ReadConcern{level=null}, credential=null, transportSettings=null, streamFactoryFactory=null, commandListeners=[], codecRegistry=ProvidersCodecRegistry{codecProviders=[ValueCodecProvider{}, BsonValueCodecProvider{}, DBRefCodecProvider{}, DBObjectCodecProvider{}, DocumentCodecProvider{}, CollectionCodecProvider{}, IterableCodecProvider{}, MapCodecProvider{}, GeoJsonCodecProvider{}, GridFSFileCodecProvider{}, Jsr310CodecProvider{}, JsonObjectCodecProvider{}, BsonCodecProvider{}, EnumCodecProvider{}, com.mongodb.client.model.mql.ExpressionCodecProvider@3c7ace12, com.mongodb.Jep395RecordCodecProvider@23fb334e, com.mongodb.KotlinCodecProvider@3a1a08af]}, loggerSettings=LoggerSettings{maxDocumentLength=1000}, clusterSettings={hosts=[localhost:27017], srvServiceName=mongodb, mode=SINGLE, requiredClusterType=UNKNOWN, requiredReplicaSetName='null', serverSelector='null', clusterListeners='[]', serverSelectionTimeout='30000 ms', localThreshold='15 ms'}, socketSettings=SocketSettings{connectTimeoutMS=10000, readTimeoutMS=0, receiveBufferSize=0, proxySettings=ProxySettings{host=null, port=null, username=null, password=null}}, heartbeatSocketSettings=SocketSettings{connectTimeoutMS=10000, readTimeoutMS=10000, receiveBufferSize=0, proxySettings=ProxySettings{host=null, port=null, username=null, password=null}}, connectionPoolSettings=ConnectionPoolSettings{maxSize=100, minSize=0, maxWaitTimeMS=120000, maxConnectionLifeTimeMS=0, maxConnectionIdleTimeMS=0, maintenanceInitialDelayMS=0, maintenanceFrequencyMS=60000, connectionPoolListeners=[], maxConnecting=2}, serverSettings=ServerSettings{heartbeatFrequencyMS=10000, minHeartbeatFrequencyMS=500, serverListeners='[]', serverMonitorListeners='[]'}, sslSettings=SslSettings{enabled=false, invalidHostNameAllowed=false, context=null}, applicationName='null', compressorList=[], uuidRepresentation=JAVA_LEGACY, serverApi=null, autoEncryptionSettings=null, dnsClient=null, inetAddressResolver=null, contextProvider=null}
2026-04-21T23:31:01.755-04:00  INFO 6732 --- [backend] [           main] o.f.j.s.i.a.AbstractAsyncExecutor        : Starting up the async job executor [org.flowable.spring.job.service.SpringAsyncExecutor] for engine cmmn
2026-04-21T23:31:01.767-04:00  INFO 6732 --- [backend] [       Thread-7] o.f.j.s.i.a.ResetExpiredJobsRunnable     : starting to reset expired jobs for engine cmmn
2026-04-21T23:31:01.768-04:00  INFO 6732 --- [backend] [           main] o.f.j.s.i.a.AbstractAsyncExecutor        : Starting up the async job executor [org.flowable.spring.job.service.SpringAsyncExecutor] for engine bpmn
2026-04-21T23:31:01.769-04:00  INFO 6732 --- [backend] [       Thread-5] o.f.j.s.i.a.AcquireAsyncJobsDueRunnable  : starting to acquire async jobs due for engine cmmn
2026-04-21T23:31:01.769-04:00  INFO 6732 --- [backend] [       Thread-6] o.f.j.s.i.a.AcquireTimerJobsRunnable     : starting to acquire async jobs due for engine cmmn
2026-04-21T23:31:01.771-04:00  INFO 6732 --- [backend] [       Thread-8] o.f.j.s.i.a.AcquireAsyncJobsDueRunnable  : starting to acquire async jobs due for engine bpmn
2026-04-21T23:31:01.772-04:00  INFO 6732 --- [backend] [       Thread-9] o.f.j.s.i.a.AcquireTimerJobsRunnable     : starting to acquire async jobs due for engine bpmn
2026-04-21T23:31:01.772-04:00  INFO 6732 --- [backend] [      Thread-10] o.f.j.s.i.a.ResetExpiredJobsRunnable     : starting to reset expired jobs for engine bpmn
2026-04-21T23:31:01.788-04:00  INFO 6732 --- [backend] [           main] c.s.b.r.DepartamentoRepositoryTest       : Started DepartamentoRepositoryTest in 10.126 seconds (process running for 18.076)
2026-04-21T23:31:01.985-04:00  INFO 6732 --- [backend] [           main] org.mongodb.driver.cluster               : No server chosen by WritableServerSelector from cluster description ClusterDescription{type=UNKNOWN, connectionMode=SINGLE, serverDescriptions=[ServerDescription{address=localhost:27017, type=UNKNOWN, state=CONNECTING, exception={com.mongodb.MongoSocketOpenException: Exception opening socket}, caused by {java.net.ConnectException: Connection refused: no further information}}]}. Waiting for 30000 ms before timing out
]]></system-out>
  </testcase>
</testsuite>