<?xml version="1.0" encoding="UTF-8"?>
<testsuite xmlns:xsi="http://www.w3.org/2001/XMLSchema-instance" xsi:noNamespaceSchemaLocation="https://maven.apache.org/surefire/maven-surefire-plugin/xsd/surefire-test-report-3.0.xsd" version="3.0" name="com.swp1.backend.controller.DepartamentoControllerTest" time="8.506" tests="1" errors="0" skipped="0" failures="0">
  <properties>
[...]
</properties>
  <testcase name="testGetAll" classname="com.swp1.backend.controller.DepartamentoControllerTest" time="1.226">
    <system-out><![CDATA[23:32:32.010 [main] INFO org.springframework.test.context.support.AnnotationConfigContextLoaderUtils -- Could not detect default configuration classes for test class [com.swp1.backend.controller.DepartamentoControllerTest]: DepartamentoControllerTest does not declare any static, non-private, non-final, nested classes annotated with @Configuration.
23:32:32.346 [main] INFO org.springframework.boot.test.context.SpringBootTestContextBootstrapper -- Found @SpringBootConfiguration com.swp1.backend.BackendApplication for test class com.swp1.backend.controller.DepartamentoControllerTest

  .   ____          _            __ _ _
 /\\ / ___'_ __ _ _(_)_ __  __ _ \ \ \ \
( ( )\___ | '_ | '_| | '_ \/ _` | \ \ \ \
 \\/  ___)| |_)| | | | | || (_| |  ) ) ) )
  '  |____| .__|_| |_|_| |_\__, | / / / /
 =========|_|==============|___/=/_/_/_/
 :: Spring Boot ::                (v3.2.4)

2026-04-21T23:32:33.119-04:00  INFO 6620 --- [backend] [           main] c.s.b.c.DepartamentoControllerTest       : Starting DepartamentoControllerTest using Java 17.0.12 with PID 6620 (started by Ishmael in C:\Users\Ishmael\Documents\GitHub\swp1\backend)
2026-04-21T23:32:33.120-04:00  INFO 6620 --- [backend] [           main] c.s.b.c.DepartamentoControllerTest       : No active profile set, falling back to 1 default profile: "default"
2026-04-21T23:32:38.850-04:00  INFO 6620 --- [backend] [           main] o.s.b.t.m.w.SpringBootMockServletContext : Initializing Spring TestDispatcherServlet ''
2026-04-21T23:32:38.853-04:00  INFO 6620 --- [backend] [           main] o.s.t.web.servlet.TestDispatcherServlet  : Initializing Servlet ''
2026-04-21T23:32:38.856-04:00  INFO 6620 --- [backend] [           main] o.s.t.web.servlet.TestDispatcherServlet  : Completed initialization in 2 ms
2026-04-21T23:32:38.911-04:00  INFO 6620 --- [backend] [           main] c.s.b.c.DepartamentoControllerTest       : Started DepartamentoControllerTest in 6.404 seconds (process running for 8.454)
]]></system-out>
  </testcase>
</testsuite>